-------------------------------------------------------------------------------
Test set: com.twelvego.HeaderTest
-------------------------------------------------------------------------------
Tests run: 5, Failures: 1, Errors: 0, Skipped: 0, Time elapsed: 6.668 s <<< FAILURE! -- in com.twelvego.HeaderTest
com.twelvego.HeaderTest.testSupportLinkIsClickable -- Time elapsed: 0.544 s <<< FAILURE!
org.opentest4j.AssertionFailedError: Ссылка на поддержку должна отображаться ==> expected: <true> but was: <false>
	at org.junit.jupiter.api.AssertionFailureBuilder.build(AssertionFailureBuilder.java:151)
	at org.junit.jupiter.api.AssertionFailureBuilder.buildAndThrow(AssertionFailureBuilder.java:132)
	at org.junit.jupiter.api.AssertTrue.failNotTrue(AssertTrue.java:63)
	at org.junit.jupiter.api.AssertTrue.assertTrue(AssertTrue.java:36)
	at org.junit.jupiter.api.Assertions.assertTrue(Assertions.java:210)
	at com.twelvego.HeaderTest.testSupportLinkIsClickable(HeaderTest.java:114)
	at java.base/java.lang.reflect.Method.invoke(Method.java:580)
	at java.base/java.util.ArrayList.forEach(ArrayList.java:1596)
	at java.base/java.util.ArrayList.forEach(ArrayList.java:1596)

