<?xml version="1.0" encoding="UTF-8"?>
<testsuite xmlns:xsi="http://www.w3.org/2001/XMLSchema-instance" xsi:noNamespaceSchemaLocation="https://maven.apache.org/surefire/maven-surefire-plugin/xsd/surefire-test-report.xsd" version="3.0.2" name="com.twelvego.tests.HeaderTest" time="16.901" tests="11" errors="0" skipped="0" failures="0">
  <properties>
[...]
</properties>
  <testcase name="testPeopleButtonIsClickable" classname="com.twelvego.tests.HeaderTest" time="3.254">
    <system-err><![CDATA[SLF4J(W): No SLF4J providers were found.
SLF4J(W): Defaulting to no-operation (NOP) logger implementation
SLF4J(W): See https://www.slf4j.org/codes.html#noProviders for further details.
Aug 07, 2025 3:05:57 PM org.openqa.selenium.devtools.CdpVersionFinder findNearestMatch
WARNING: Unable to find an exact match for CDP version 138, returning the closest version; found: 137; Please update to a Selenium version that supports CDP version 138
]]></system-err>
  </testcase>
  <testcase name="testDatepickerButtonIsClickable" classname="com.twelvego.tests.HeaderTest" time="0.88"/>
  <testcase name="testFromFieldIsClickable" classname="com.twelvego.tests.HeaderTest" time="0.681"/>
  <testcase name="testCurrencySelectorIsDisplayed" classname="com.twelvego.tests.HeaderTest" time="0.572"/>
  <testcase name="testLogoIsDisplayed" classname="com.twelvego.tests.HeaderTest" time="0.629"/>
  <testcase name="testInfantsBlockIsDisplayed" classname="com.twelvego.tests.HeaderTest" time="0.766"/>
  <testcase name="testFindTicketsButtonIsClickable" classname="com.twelvego.tests.HeaderTest" time="0.731"/>
  <testcase name="testLanguageSelectorIsClickable" classname="com.twelvego.tests.HeaderTest" time="0.786"/>
  <testcase name="testSupportLinkIsClickable" classname="com.twelvego.tests.HeaderTest" time="3.382"/>
  <testcase name="testToFieldIsClickable" classname="com.twelvego.tests.HeaderTest" time="0.786"/>
  <testcase name="testDatepickerRangeButtonIsClickable" classname="com.twelvego.tests.HeaderTest" time="1.152"/>
</testsuite>